<?xml version="1.0" encoding="UTF-8"?>
<testsuite xmlns:xsi="http://www.w3.org/2001/XMLSchema-instance" xsi:noNamespaceSchemaLocation="https://maven.apache.org/surefire/maven-surefire-plugin/xsd/surefire-test-report-3.0.xsd" version="3.0" name="tn.esprit.services.EvenementServiceTest" time="0.617" tests="4" errors="0" skipped="0" failures="0">
  <properties>
[...]
</properties>
  <testcase name="testAjouterEvenement" classname="tn.esprit.services.EvenementServiceTest" time="0.475">
    <system-out><![CDATA[=== Initialisation des tests EvenementService ===

--- Test 1: Ajouter un événement ---
Connexion à la base de données réussie !
✓ Événement ajouté avec succès ! ID: 9
✓ Événement ajouté avec ID: 9
]]></system-out>
  </testcase>
  <testcase name="testAfficherAll" classname="tn.esprit.services.EvenementServiceTest" time="0.025">
    <system-out><![CDATA[
--- Test 2: Afficher tous les événements ---
✓ 5 événement(s) récupéré(s)
✓ Nombre d'événements récupérés: 5
]]></system-out>
  </testcase>
  <testcase name="testModifierEvenement" classname="tn.esprit.services.EvenementServiceTest" time="0.035">
    <system-out><![CDATA[
--- Test 3: Modifier un événement ---
✓ 5 événement(s) récupéré(s)
DEBUG modifier id=9
✓ Événement modifié avec succès !
✓ 5 événement(s) récupéré(s)
✓ Événement modifié avec succès
  - Nouveau titre: Test JUnit - Événement MODIFIÉ
  - Nouveau statut: en cours
  - Nouvelle capacité: 100
]]></system-out>
  </testcase>
  <testcase name="testSupprimerEvenement" classname="tn.esprit.services.EvenementServiceTest" time="0.028">
    <system-out><![CDATA[
--- Test 4: Supprimer un événement ---
✓ 5 événement(s) récupéré(s)
✓ Événement supprimé avec succès !
✓ 4 événement(s) récupéré(s)
✓ Événement supprimé avec succès
  - Nombre avant: 5
  - Nombre après: 4
]]></system-out>
  </testcase>
</testsuite>