<?xml version="1.0" encoding="UTF-8"?>
<testsuite xmlns:xsi="http://www.w3.org/2001/XMLSchema-instance" xsi:noNamespaceSchemaLocation="https://maven.apache.org/surefire/maven-surefire-plugin/xsd/surefire-test-report-3.0.xsd" version="3.0" name="tn.esprit.services.ParticipationServiceTest" time="0.052" tests="4" errors="0" skipped="0" failures="0">
  <properties>
[...]
</properties>
  <testcase name="testAjouterParticipation" classname="tn.esprit.services.ParticipationServiceTest" time="0.01">
    <system-out><![CDATA[=== Initialisation des tests ParticipationService ===

--- Test 1: Ajouter une participation ---
✓ Participation ajoutée avec succès ! ID: 14
✓ Participation ajoutée avec ID: 14
]]></system-out>
  </testcase>
  <testcase name="testAfficherAll" classname="tn.esprit.services.ParticipationServiceTest" time="0.004">
    <system-out><![CDATA[
--- Test 2: Afficher toutes les participations ---
✓ 9 participation(s) récupérée(s)
✓ Nombre de participations récupérées: 9
]]></system-out>
  </testcase>
  <testcase name="testModifierParticipation" classname="tn.esprit.services.ParticipationServiceTest" time="0.011">
    <system-out><![CDATA[
--- Test 3: Modifier une participation ---
✓ 9 participation(s) récupérée(s)
✓ Participation modifiée avec succès !
✓ 9 participation(s) récupérée(s)
✓ Participation modifiée avec succès
  - Nouveau statut: présent
  - Nouveau commentaire: Participation MODIFIÉE par JUnit
]]></system-out>
  </testcase>
  <testcase name="testSupprimerParticipation" classname="tn.esprit.services.ParticipationServiceTest" time="0.016">
    <system-out><![CDATA[
--- Test 4: Supprimer une participation ---
✓ 9 participation(s) récupérée(s)
✓ Participation supprimée avec succès !
✓ 8 participation(s) récupérée(s)
✓ Participation supprimée avec succès
  - Nombre avant: 9
  - Nombre après: 8
]]></system-out>
  </testcase>
</testsuite>